# JRE version: Java(TM) SE Runtime Environment (8.0_11-b12) (build 1.8.0_11-b12)
# Java VM: Java HotSpot(TM) Client VM (25.11-b03 mixed mode windows-x86 )
Heap:
 def new generation   total 45888K, used 40832K [0x04800000, 0x079c0000, 0x19d50000)
  eden space 40832K, 100% used [0x04800000, 0x06fe0000, 0x06fe0000)
  from space 5056K,   0% used [0x06fe0000, 0x06fe0000, 0x074d0000)
  to   space 5056K,   0% used [0x074d0000, 0x074d0000, 0x079c0000)
 tenured generation   total 101712K, used 47470K [0x19d50000, 0x200a4000, 0x44800000)
   the space 101712K,  46% used [0x19d50000, 0x1cbab878, 0x1cbaba00, 0x200a4000)
 Metaspace       used 31580K, capacity 32527K, committed 32896K, reserved 33152K
GC Heap History (10 events):
Event: 6186.528 GC heap before
{Heap before GC invocations=148 (full 7):
 def new generation   total 45888K, used 44433K [0x04800000, 0x079c0000, 0x19d50000)
  eden space 40832K, 100% used [0x04800000, 0x06fe0000, 0x06fe0000)
  from space 5056K,  71% used [0x06fe0000, 0x073644a0, 0x074d0000)
  to   space 5056K,   0% used [0x074d0000, 0x074d0000, 0x079c0000)
 tenured generation   total 101712K, used 92851K [0x19d50000, 0x200a4000, 0x44800000)
   the space 101712K,  91% used [0x19d50000, 0x1f7fcd70, 0x1f7fce00, 0x200a4000)
 Metaspace       used 30275K, capacity 31164K, committed 31744K, reserved 32128K
Event: 6186.550 GC heap after
Heap after GC invocations=149 (full 7):
 def new generation   total 45888K, used 3545K [0x04800000, 0x079c0000, 0x19d50000)
  eden space 40832K,   0% used [0x04800000, 0x04800000, 0x06fe0000)
  from space 5056K,  70% used [0x074d0000, 0x07846678, 0x079c0000)
  to   space 5056K,   0% used [0x06fe0000, 0x06fe0000, 0x074d0000)
 tenured generation   total 101712K, used 94535K [0x19d50000, 0x200a4000, 0x44800000)
   the space 101712K,  92% used [0x19d50000, 0x1f9a1d40, 0x1f9a1e00, 0x200a4000)
 Metaspace       used 30275K, capacity 31164K, committed 31744K, reserved 32128K
}
Event: 6186.833 GC heap before
{Heap before GC invocations=149 (full 7):
 def new generation   total 45888K, used 44377K [0x04800000, 0x079c0000, 0x19d50000)
  eden space 40832K, 100% used [0x04800000, 0x06fe0000, 0x06fe0000)
  from space 5056K,  70% used [0x074d0000, 0x07846678, 0x079c0000)
  to   space 5056K,   0% used [0x06fe0000, 0x06fe0000, 0x074d0000)
 tenured generation   total 101712K, used 94535K [0x19d50000, 0x200a4000, 0x44800000)
   the space 101712K,  92% used [0x19d50000, 0x1f9a1d40, 0x1f9a1e00, 0x200a4000)
 Metaspace       used 30276K, capacity 31164K, committed 31744K, reserved 32128K
Event: 6186.863 GC heap after
Heap after GC invocations=150 (full 7):
 def new generation   total 45888K, used 3942K [0x04800000, 0x079c0000, 0x19d50000)
  eden space 40832K,   0% used [0x04800000, 0x04800000, 0x06fe0000)
  from space 5056K,  77% used [0x06fe0000, 0x073b9bb0, 0x074d0000)
  to   space 5056K,   0% used [0x074d0000, 0x074d0000, 0x079c0000)
 tenured generation   total 101712K, used 96358K [0x19d50000, 0x200a4000, 0x44800000)
   the space 101712K,  94% used [0x19d50000, 0x1fb69b90, 0x1fb69c00, 0x200a4000)
 Metaspace       used 30276K, capacity 31164K, committed 31744K, reserved 32128K
}
Event: 6187.157 GC heap before
{Heap before GC invocations=150 (full 7):
 def new generation   total 45888K, used 44774K [0x04800000, 0x079c0000, 0x19d50000)
  eden space 40832K, 100% used [0x04800000, 0x06fe0000, 0x06fe0000)
  from space 5056K,  77% used [0x06fe0000, 0x073b9bb0, 0x074d0000)
  to   space 5056K,   0% used [0x074d0000, 0x074d0000, 0x079c0000)
 tenured generation   total 101712K, used 96358K [0x19d50000, 0x200a4000, 0x44800000)
   the space 101712K,  94% used [0x19d50000, 0x1fb69b90, 0x1fb69c00, 0x200a4000)
 Metaspace       used 30315K, capacity 31196K, committed 31744K, reserved 32128K
Event: 6187.182 GC heap after
Heap after GC invocations=151 (full 7):
 def new generation   total 45888K, used 3957K [0x04800000, 0x079c0000, 0x19d50000)
  eden space 40832K,   0% used [0x04800000, 0x04800000, 0x06fe0000)
  from space 5056K,  78% used [0x074d0000, 0x078ad758, 0x079c0000)
  to   space 5056K,   0% used [0x06fe0000, 0x06fe0000, 0x074d0000)
 tenured generation   total 101712K, used 98014K [0x19d50000, 0x200a4000, 0x44800000)
   the space 101712K,  96% used [0x19d50000, 0x1fd07820, 0x1fd07a00, 0x200a4000)
 Metaspace       used 30315K, capacity 31196K, committed 31744K, reserved 32128K
}
Event: 6192.200 GC heap before
{Heap before GC invocations=151 (full 7):
 def new generation   total 45888K, used 44789K [0x04800000, 0x079c0000, 0x19d50000)
  eden space 40832K, 100% used [0x04800000, 0x06fe0000, 0x06fe0000)
  from space 5056K,  78% used [0x074d0000, 0x078ad758, 0x079c0000)
  to   space 5056K,   0% used [0x06fe0000, 0x06fe0000, 0x074d0000)
 tenured generation   total 101712K, used 98014K [0x19d50000, 0x200a4000, 0x44800000)
   the space 101712K,  96% used [0x19d50000, 0x1fd07820, 0x1fd07a00, 0x200a4000)
 Metaspace       used 30419K, capacity 31327K, committed 31872K, reserved 32128K
Event: 6192.225 GC heap after
Heap after GC invocations=152 (full 7):
 def new generation   total 45888K, used 2582K [0x04800000, 0x079c0000, 0x19d50000)
  eden space 40832K,   0% used [0x04800000, 0x04800000, 0x06fe0000)
  from space 5056K,  51% used [0x06fe0000, 0x07265938, 0x074d0000)
  to   space 5056K,   0% used [0x074d0000, 0x074d0000, 0x079c0000)
 tenured generation   total 101712K, used 100229K [0x19d50000, 0x200a4000, 0x44800000)
   the space 101712K,  98% used [0x19d50000, 0x1ff31460, 0x1ff31600, 0x200a4000)
 Metaspace       used 30419K, capacity 31327K, committed 31872K, reserved 32128K
}
Event: 6203.446 GC heap before
{Heap before GC invocations=152 (full 7):
 def new generation   total 45888K, used 40037K [0x04800000, 0x079c0000, 0x19d50000)
  eden space 40832K,  91% used [0x04800000, 0x06c93dd8, 0x06fe0000)
  from space 5056K,  51% used [0x06fe0000, 0x07265938, 0x074d0000)
  to   space 5056K,   0% used [0x074d0000, 0x074d0000, 0x079c0000)
 tenured generation   total 101712K, used 100229K [0x19d50000, 0x200a4000, 0x44800000)
   the space 101712K,  98% used [0x19d50000, 0x1ff31460, 0x1ff31600, 0x200a4000)
 Metaspace       used 31433K, capacity 32304K, committed 32768K, reserved 33152K
Event: 6203.633 GC heap after
Heap after GC invocations=153 (full 8):
 def new generation   total 45888K, used 0K [0x04800000, 0x079c0000, 0x19d50000)
  eden space 40832K,   0% used [0x04800000, 0x04800000, 0x06fe0000)
  from space 5056K,   0% used [0x06fe0000, 0x06fe0000, 0x074d0000)
  to   space 5056K,   0% used [0x074d0000, 0x074d0000, 0x079c0000)
 tenured generation   total 101712K, used 47470K [0x19d50000, 0x200a4000, 0x44800000)
   the space 101712K,  46% used [0x19d50000, 0x1cbab878, 0x1cbaba00, 0x200a4000)
 Metaspace       used 31433K, capacity 32304K, committed 32768K, reserved 33152K
}

